compiling separate project against:
    ../mrtrix3

active config is default

reading configuration from "../mrtrix3/config"...

getting MRtrix version from folder "../mrtrix3"...
  fetching version information from "MRTRIX_BASE_VERSION" in "../mrtrix3/core/version.h": 3.0.4
  fetching version information from git in folder "../mrtrix3": not found
Using MRtrix version "3.0.4"
version file "../mrtrix3/core/version.cpp" is up to date
version file "../mrtrix3/src/exec_version.cpp" is up to date

getting MRtrix project version from current folder...
  fetching version information from "MRTRIX_PROJECT_VERSION" in "src/project_version.h": not found
  fetching version information from git in folder ".": not found
Using MRtrix project version "unknown"
version file "src/project_version.cpp" is up to date

compiling TODO list...
building targets: bin/tcksamplefixels bin/tck2fixeldots
TODO list contains 2 items



Build will use 32 threads

(1/2) [CC] tmp/cmd/tcksamplefixels.o
g++ -c -std=c++11 -DMRTRIX_BUILD_TYPE="release version" -pthread -fPIC -DMRTRIX_WORD64 -DMRTRIX_HAVE_EIGEN_UNSUPPORTED_SPECIAL_FUNCTIONS -isystem /misc/lauterbur/lconcha/XDG/.local/opt/zlib/include -DMRTRIX_TIFF_SUPPORT -DMRTRIX_PNG_SUPPORT -DEIGEN_FFTW_DEFAULT -Wall -O3 -DNDEBUG -DMRTRIX_PROJECT -Isrc -I../mrtrix3/src -I../mrtrix3/core -Icmd -isystem /usr/include/eigen3 -DEIGEN_DONT_PARALLELIZE cmd/tcksamplefixels.cpp -o tmp/cmd/tcksamplefixels.o
(2/2) [LB] bin/tcksamplefixels
g++ ../mrtrix3/tmp/src/dwi/tractography/file_base.o ../mrtrix3/tmp/src/dwi/tractography/seeding/list.o ../mrtrix3/tmp/src/dwi/tractography/mapping/twi_stats.o ../mrtrix3/tmp/src/dwi/tractography/resampling/fixed_num_points.o ../mrtrix3/tmp/src/dwi/tractography/mapping/mapping.o ../mrtrix3/tmp/src/dwi/tractography/resampling/resampling.o ../mrtrix3/tmp/src/dwi/tractography/resampling/fixed_step_size.o tmp/cmd/tcksamplefixels.o ../mrtrix3/tmp/src/dwi/tractography/resampling/downsampler.o ../mrtrix3/tmp/src/dwi/tractography/resampling/arc.o ../mrtrix3/tmp/src/dwi/tractography/mapping/mapper_plugins.o tmp/src/project_version.o ../mrtrix3/tmp/src/dwi/tractography/properties.o ../mrtrix3/tmp/src/dwi/tractography/resampling/upsampler.o ../mrtrix3/tmp/src/dwi/tractography/roi.o ../mrtrix3/tmp/src/dwi/tractography/mapping/mapper.o ../mrtrix3/tmp/src/dwi/directions/set.o ../mrtrix3/tmp/src/dwi/tractography/resampling/endpoints.o ../mrtrix3/tmp/src/dwi/directions/predefined.o ../mrtrix3/tmp/src/exec_version.o ../mrtrix3/tmp/src/dwi/tractography/rng.o ../mrtrix3/tmp/src/dwi/tractography/mapping/voxel.o -lmrtrix -Wl,--sort-common,--as-needed -pthread -L/misc/lauterbur/lconcha/XDG/.local/opt/zlib/lib -lz -ltiff -lpng -lfftw3 -Wl,-rpath,$ORIGIN/../../mrtrix3/lib -L../mrtrix3/lib -o bin/tcksamplefixels
